#
# There is insufficient memory for the Java Runtime Environment to continue.
# Native memory allocation (mmap) failed to map 268435456 bytes for G1 virtual space
# Possible reasons:
#   The system is out of physical RAM or swap space
#   The process is running with CompressedOops enabled, and the Java Heap may be blocking the growth of the native heap
# Possible solutions:
#   Reduce memory load on the system
#   Increase physical memory or swap space
#   Check if swap backing store is full
#   Decrease Java heap size (-Xmx/-Xms)
#   Decrease number of Java threads
#   Decrease Java thread stack sizes (-Xss)
#   Set larger code cache with -XX:ReservedCodeCacheSize=
#   JVM is running with Zero Based Compressed Oops mode in which the Java heap is
#     placed in the first 32GB address space. The Java Heap base address is the
#     maximum limit for the native heap growth. Please use -XX:HeapBaseMinAddress
#     to set the Java Heap base and to place the Java Heap above 32GB virtual address.
# This output file may be truncated or incomplete.
#
#  Out of Memory Error (os_windows.cpp:3617), pid=23112, tid=15412
#
# JRE version:  (17.0.8+7) (build )
# Java VM: OpenJDK 64-Bit Server VM (17.0.8+7, mixed mode, sharing, tiered, compressed oops, compressed class ptrs, g1 gc, windows-amd64)
# No core dump will be written. Minidumps are not enabled by default on client versions of Windows
#

---------------  S U M M A R Y ------------

Command Line: -Dfile.encoding=UTF-8 -XX:+ShowCodeDetailsInExceptionMessages lab3.Main

Host: Intel(R) Core(TM) i7-4500U CPU @ 1.80GHz, 4 cores, 15G,  Windows 10 , 64 bit Build 19041 (10.0.19041.3570)
Time: Wed Nov  8 20:31:46 2023 Hora oficial do Brasil elapsed time: 0.019809 seconds (0d 0h 0m 0s)

---------------  T H R E A D  ---------------

Current thread (0x0000023d4f7d6f70):  JavaThread "Unknown thread" [_thread_in_vm, id=15412, stack(0x000000e94a400000,0x000000e94a500000)]

Stack: [0x000000e94a400000,0x000000e94a500000]
Native frames: (J=compiled Java code, j=interpreted, Vv=VM code, C=native code)
V  [jvm.dll+0x678b0a]
V  [jvm.dll+0x835e84]
V  [jvm.dll+0x83762e]
V  [jvm.dll+0x837c93]
V  [jvm.dll+0x24746f]
V  [jvm.dll+0x675859]
V  [jvm.dll+0x66a0ea]
V  [jvm.dll+0x306c7b]
V  [jvm.dll+0x30e166]
V  [jvm.dll+0x35dd3e]
V  [jvm.dll+0x35df6f]
V  [jvm.dll+0x2ddb48]
V  [jvm.dll+0x2deab4]
V  [jvm.dll+0x807f31]
V  [jvm.dll+0x36bb21]
V  [jvm.dll+0x7e733c]
V  [jvm.dll+0x3ee4af]
V  [jvm.dll+0x3f00c1]
C  [jli.dll+0x528b]
C  [ucrtbase.dll+0x21bb2]
C  [KERNEL32.DLL+0x17344]
C  [ntdll.dll+0x526b1]


---------------  P R O C E S S  ---------------

Threads class SMR info:
_java_thread_list=0x00007ff9dc61a018, length=0, elements={
}

Java Threads: ( => current thread )

Other Threads:
  0x0000023d4f841200 GCTaskThread "GC Thread#0" [stack: 0x000000e94a500000,0x000000e94a600000] [id=23712]
  0x0000023d4f851fe0 ConcurrentGCThread "G1 Main Marker" [stack: 0x000000e94a600000,0x000000e94a700000] [id=19680]
  0x0000023d4f853190 ConcurrentGCThread "G1 Conc#0" [stack: 0x000000e94a700000,0x000000e94a800000] [id=24144]

[error occurred during error reporting (printing all threads), id 0xc0000005, EXCEPTION_ACCESS_VIOLATION (0xc0000005) at pc=0x00007ff9dbdee587]

VM state: not at safepoint (not fully initialized)

VM Mutex/Monitor currently owned by a thread:  ([mutex/lock_event])
[0x0000023d4f7d0d80] Heap_lock - owner thread: 0x0000023d4f7d6f70

Heap address: 0x0000000701600000, size: 4074 MB, Compressed Oops mode: Zero based, Oop shift amount: 3

CDS archive(s) mapped at: [0x0000000000000000-0x0000000000000000-0x0000000000000000), size 0, SharedBaseAddress: 0x0000000800000000, ArchiveRelocationMode: 1.
Narrow klass base: 0x0000000000000000, Narrow klass shift: 0, Narrow klass range: 0x0

GC Precious Log:
<Empty>

Heap:
 garbage-first heap   total 0K, used 0K [0x0000000701600000, 0x0000000800000000)
  region size 2048K, 0 young (0K), 0 survivors (0K)

[error occurred during error reporting (printing heap information), id 0xc0000005, EXCEPTION_ACCESS_VIOLATION (0xc0000005) at pc=0x00007ff9dc1d2699]

GC Heap History (0 events):
No events

Dll operation events (1 events):
Event: 0.013 Loaded shared library C:\Users\enzov\.p2\pool\plugins\org.eclipse.justj.openjdk.hotspot.jre.full.win32.x86_64_17.0.8.v20230801-1951\jre\bin\java.dll

Deoptimization events (0 events):
No events

Classes unloaded (0 events):
No events

Classes redefined (0 events):
No events

Internal exceptions (0 events):
No events

VM Operations (0 events):
No events

Events (0 events):
No events


Dynamic libraries:
0x00007ff78a4c0000 - 0x00007ff78a4ce000 	C:\Users\enzov\.p2\pool\plugins\org.eclipse.justj.openjdk.hotspot.jre.full.win32.x86_64_17.0.8.v20230801-1951\jre\bin\javaw.exe
0x00007ffa49f70000 - 0x00007ffa4a167000 	C:\Windows\SYSTEM32\ntdll.dll
0x00007ffa48fc0000 - 0x00007ffa4907d000 	C:\Windows\System32\KERNEL32.DLL
0x00007ffa47c20000 - 0x00007ffa47f16000 	C:\Windows\System32\KERNELBASE.dll
0x00007ffa47780000 - 0x00007ffa47880000 	C:\Windows\System32\ucrtbase.dll
0x00007ffa2dbc0000 - 0x00007ffa2dbd7000 	C:\Users\enzov\.p2\pool\plugins\org.eclipse.justj.openjdk.hotspot.jre.full.win32.x86_64_17.0.8.v20230801-1951\jre\bin\jli.dll
0x00007ffa2dba0000 - 0x00007ffa2dbb9000 	C:\Users\enzov\.p2\pool\plugins\org.eclipse.justj.openjdk.hotspot.jre.full.win32.x86_64_17.0.8.v20230801-1951\jre\bin\VCRUNTIME140.dll
0x00007ffa48e10000 - 0x00007ffa48fae000 	C:\Windows\System32\USER32.dll
0x00007ffa47b80000 - 0x00007ffa47ba2000 	C:\Windows\System32\win32u.dll
0x00007ffa3aea0000 - 0x00007ffa3b13a000 	C:\Windows\WinSxS\amd64_microsoft.windows.common-controls_6595b64144ccf1df_6.0.19041.3570_none_60bb2a3971f3e41a\COMCTL32.dll
0x00007ffa49750000 - 0x00007ffa4977c000 	C:\Windows\System32\GDI32.dll
0x00007ffa48c30000 - 0x00007ffa48cce000 	C:\Windows\System32\msvcrt.dll
0x00007ffa47a60000 - 0x00007ffa47b7a000 	C:\Windows\System32\gdi32full.dll
0x00007ffa476e0000 - 0x00007ffa4777d000 	C:\Windows\System32\msvcp_win.dll
0x00007ffa498d0000 - 0x00007ffa49900000 	C:\Windows\System32\IMM32.DLL
0x00007ffa3ab80000 - 0x00007ffa3ab8c000 	C:\Users\enzov\.p2\pool\plugins\org.eclipse.justj.openjdk.hotspot.jre.full.win32.x86_64_17.0.8.v20230801-1951\jre\bin\vcruntime140_1.dll
0x00007ffa2db00000 - 0x00007ffa2db91000 	C:\Users\enzov\.p2\pool\plugins\org.eclipse.justj.openjdk.hotspot.jre.full.win32.x86_64_17.0.8.v20230801-1951\jre\bin\msvcp140.dll
0x00007ff9dbb00000 - 0x00007ff9dc74c000 	C:\Users\enzov\.p2\pool\plugins\org.eclipse.justj.openjdk.hotspot.jre.full.win32.x86_64_17.0.8.v20230801-1951\jre\bin\server\jvm.dll
0x00007ffa49ab0000 - 0x00007ffa49b5e000 	C:\Windows\System32\ADVAPI32.dll
0x00007ffa49780000 - 0x00007ffa4981c000 	C:\Windows\System32\sechost.dll
0x00007ffa49d00000 - 0x00007ffa49e26000 	C:\Windows\System32\RPCRT4.dll
0x00007ffa47400000 - 0x00007ffa4744b000 	C:\Windows\SYSTEM32\POWRPROF.dll
0x00007ffa44b40000 - 0x00007ffa44b49000 	C:\Windows\SYSTEM32\WSOCK32.dll
0x00007ffa3bc70000 - 0x00007ffa3bc97000 	C:\Windows\SYSTEM32\WINMM.dll
0x00007ffa3e2f0000 - 0x00007ffa3e2fa000 	C:\Windows\SYSTEM32\VERSION.dll
0x00007ffa49270000 - 0x00007ffa492db000 	C:\Windows\System32\WS2_32.dll
0x00007ffa47370000 - 0x00007ffa47382000 	C:\Windows\SYSTEM32\UMPDC.dll
0x00007ffa454f0000 - 0x00007ffa45502000 	C:\Windows\SYSTEM32\kernel.appcore.dll
0x00007ffa1adc0000 - 0x00007ffa1adca000 	C:\Users\enzov\.p2\pool\plugins\org.eclipse.justj.openjdk.hotspot.jre.full.win32.x86_64_17.0.8.v20230801-1951\jre\bin\jimage.dll
0x00007ffa38b80000 - 0x00007ffa38d64000 	C:\Windows\SYSTEM32\DBGHELP.DLL
0x00007ffa38b40000 - 0x00007ffa38b74000 	C:\Windows\SYSTEM32\dbgcore.DLL
0x00007ffa47650000 - 0x00007ffa476d2000 	C:\Windows\System32\bcryptPrimitives.dll
0x00007ffa196d0000 - 0x00007ffa196f5000 	C:\Users\enzov\.p2\pool\plugins\org.eclipse.justj.openjdk.hotspot.jre.full.win32.x86_64_17.0.8.v20230801-1951\jre\bin\java.dll

dbghelp: loaded successfully - version: 4.0.5 - missing functions: none
symbol engine: initialized successfully - sym options: 0x614 - pdb path: .;C:\Users\enzov\.p2\pool\plugins\org.eclipse.justj.openjdk.hotspot.jre.full.win32.x86_64_17.0.8.v20230801-1951\jre\bin;C:\Windows\SYSTEM32;C:\Windows\WinSxS\amd64_microsoft.windows.common-controls_6595b64144ccf1df_6.0.19041.3570_none_60bb2a3971f3e41a;C:\Users\enzov\.p2\pool\plugins\org.eclipse.justj.openjdk.hotspot.jre.full.win32.x86_64_17.0.8.v20230801-1951\jre\bin\server

VM Arguments:
jvm_args: -Dfile.encoding=UTF-8 -XX:+ShowCodeDetailsInExceptionMessages 
java_command: lab3.Main
java_class_path (initial): C:\Users\enzov\eclipse-workspace\laboratorios\bin
Launcher Type: SUN_STANDARD

[Global flags]
     intx CICompilerCount                          = 3                                         {product} {ergonomic}
     uint ConcGCThreads                            = 1                                         {product} {ergonomic}
     uint G1ConcRefinementThreads                  = 4                                         {product} {ergonomic}
   size_t G1HeapRegionSize                         = 2097152                                   {product} {ergonomic}
    uintx GCDrainStackTargetSize                   = 64                                        {product} {ergonomic}
   size_t InitialHeapSize                          = 268435456                                 {product} {ergonomic}
   size_t MarkStackSize                            = 4194304                                   {product} {ergonomic}
   size_t MaxHeapSize                              = 4271898624                                {product} {ergonomic}
   size_t MinHeapDeltaBytes                        = 2097152                                   {product} {ergonomic}
   size_t MinHeapSize                              = 8388608                                   {product} {ergonomic}
    uintx NonNMethodCodeHeapSize                   = 5832780                                {pd product} {ergonomic}
    uintx NonProfiledCodeHeapSize                  = 122912730                              {pd product} {ergonomic}
    uintx ProfiledCodeHeapSize                     = 122912730                              {pd product} {ergonomic}
    uintx ReservedCodeCacheSize                    = 251658240                              {pd product} {ergonomic}
     bool SegmentedCodeCache                       = true                                      {product} {ergonomic}
     bool ShowCodeDetailsInExceptionMessages       = true                                   {manageable} {command line}
   size_t SoftMaxHeapSize                          = 4271898624                             {manageable} {ergonomic}
     bool UseCompressedClassPointers               = true                           {product lp64_product} {ergonomic}
     bool UseCompressedOops                        = true                           {product lp64_product} {ergonomic}
     bool UseG1GC                                  = true                                      {product} {ergonomic}
     bool UseLargePagesIndividualAllocation        = false                                  {pd product} {ergonomic}

Logging:
Log output configuration:
 #0: stdout all=warning uptime,level,tags
 #1: stderr all=off uptime,level,tags

Environment Variables:
PATH=C:/Users/enzov/.p2/pool/plugins/org.eclipse.justj.openjdk.hotspot.jre.full.win32.x86_64_17.0.8.v20230801-1951/jre/bin/server;C:/Users/enzov/.p2/pool/plugins/org.eclipse.justj.openjdk.hotspot.jre.full.win32.x86_64_17.0.8.v20230801-1951/jre/bin;C:\Program Files (x86)\Common Files\Oracle\Java\javapath;C:\Program Files (x86)\NVIDIA Corporation\PhysX\Common;C:\ProgramData\Oracle\Java\javapath;C:\Windows\system32;C:\Windows;C:\Windows\System32\Wbem;C:\Windows\System32\WindowsPowerShell\v1.0\;C:\Windows\System32\OpenSSH\;C:\MinGW\bin;C:\Program Files\dotnet\;C:\Program Files\Git\cmd;C:\Users\enzov\AppData\Local\Programs\Python;C:\Users\enzov\AppData\Local\Programs\Python\Python311;C:\Users\enzov\AppData\Local\Programs\Python\Python311\Scripts;C:\Users\enzov\AppData\Local\Microsoft\WindowsApps;C:\Users\enzov\AppData\Local\Programs\Microsoft VS Code\bin;C:\MinGW\bin;C:\Users\enzov\AppData\Local\Programs\Python;C:\Users\enzov\AppData\Local\Programs\Python\Python311\Scripts;C:\Users\enzov\AppData\Local\Programs\Python\Python311;;C:\Users\enzov\Desktop;
USERNAME=enzov
OS=Windows_NT
PROCESSOR_IDENTIFIER=Intel64 Family 6 Model 69 Stepping 1, GenuineIntel
TMP=C:\Users\enzov\AppData\Local\Temp
TEMP=C:\Users\enzov\AppData\Local\Temp



---------------  S Y S T E M  ---------------

OS:
 Windows 10 , 64 bit Build 19041 (10.0.19041.3570)
OS uptime: 0 days 10:40 hours

CPU: total 4 (initial active 4) (2 cores per cpu, 2 threads per core) family 6 model 69 stepping 1 microcode 0x25, cx8, cmov, fxsr, ht, mmx, sse, sse2, sse3, ssse3, sse4.1, sse4.2, popcnt, lzcnt, tsc, tscinvbit, avx, avx2, aes, erms, clmul, bmi1, bmi2, fma, vzeroupper, clflush
Processor Information for all 4 processors :
  Max Mhz: 1801, Current Mhz: 1800, Mhz Limit: 1782

Memory: 4k page, system-wide physical 16288M (6827M free)
TotalPageFile size 46017M (AvailPageFile size 148M)
current process WorkingSet (physical memory assigned to process): 10M, peak: 10M
current process commit charge ("private bytes"): 51M, peak: 307M

vm_info: OpenJDK 64-Bit Server VM (17.0.8+7) for windows-amd64 JRE (17.0.8+7), built on Jul 18 2023 21:02:32 by "admin" with MS VC++ 16.7 (VS2019)

END.
