#
# There is insufficient memory for the Java Runtime Environment to continue.
# Native memory allocation (malloc) failed to allocate 119696 bytes for Chunk::new
# Possible reasons:
#   The system is out of physical RAM or swap space
#   The process is running with CompressedOops enabled, and the Java Heap may be blocking the growth of the native heap
# Possible solutions:
#   Reduce memory load on the system
#   Increase physical memory or swap space
#   Check if swap backing store is full
#   Decrease Java heap size (-Xmx/-Xms)
#   Decrease number of Java threads
#   Decrease Java thread stack sizes (-Xss)
#   Set larger code cache with -XX:ReservedCodeCacheSize=
#   JVM is running with Zero Based Compressed Oops mode in which the Java heap is
#     placed in the first 32GB address space. The Java Heap base address is the
#     maximum limit for the native heap growth. Please use -XX:HeapBaseMinAddress
#     to set the Java Heap base and to place the Java Heap above 32GB virtual address.
# This output file may be truncated or incomplete.
#
#  Out of Memory Error (arena.cpp:189), pid=21152, tid=19676
#
# JRE version: OpenJDK Runtime Environment Temurin-17.0.8+7 (17.0.8+7) (build 17.0.8+7)
# Java VM: OpenJDK 64-Bit Server VM Temurin-17.0.8+7 (17.0.8+7, mixed mode, tiered, compressed oops, compressed class ptrs, g1 gc, windows-amd64)
# No core dump will be written. Minidumps are not enabled by default on client versions of Windows
#

---------------  S U M M A R Y ------------

Command Line: -Dfile.encoding=UTF-8 -XX:+ShowCodeDetailsInExceptionMessages lab3.Main

Host: Intel(R) Core(TM) i7-4500U CPU @ 1.80GHz, 4 cores, 15G,  Windows 10 , 64 bit Build 19041 (10.0.19041.3570)
Time: Wed Nov  8 20:30:50 2023 Hora oficial do Brasil elapsed time: 0.624051 seconds (0d 0h 0m 0s)

---------------  T H R E A D  ---------------

Current thread (0x0000014eef49de80):  JavaThread "C2 CompilerThread0" daemon [_thread_in_native, id=19676, stack(0x0000003d88100000,0x0000003d88200000)]


Current CompileTask:
C2:    624  498       4       java.lang.StringLatin1::replace (198 bytes)

Stack: [0x0000003d88100000,0x0000003d88200000]
Native frames: (J=compiled Java code, j=interpreted, Vv=VM code, C=native code)
V  [jvm.dll+0x678b0a]
V  [jvm.dll+0x835e84]
V  [jvm.dll+0x83762e]
V  [jvm.dll+0x837c93]
V  [jvm.dll+0x24746f]
V  [jvm.dll+0xac20c]
V  [jvm.dll+0xac7dc]
V  [jvm.dll+0x365ca7]
V  [jvm.dll+0x3301a1]
V  [jvm.dll+0x32f64a]
V  [jvm.dll+0x219bf1]
V  [jvm.dll+0x219011]
V  [jvm.dll+0x1a534d]
V  [jvm.dll+0x228d8a]
V  [jvm.dll+0x226dcc]
V  [jvm.dll+0x7ec09b]
V  [jvm.dll+0x7e64ca]
V  [jvm.dll+0x677955]
C  [ucrtbase.dll+0x21bb2]
C  [KERNEL32.DLL+0x17344]
C  [ntdll.dll+0x526b1]


---------------  P R O C E S S  ---------------

Threads class SMR info:
_java_thread_list=0x0000014ef4152110, length=16, elements={
0x0000014ed10c70d0, 0x0000014eef46a3e0, 0x0000014eef46ba50, 0x0000014eef43f0c0,
0x0000014eef4730c0, 0x0000014eef492ba0, 0x0000014eef498490, 0x0000014eef49de80,
0x0000014eef4a03b0, 0x0000014eef4b08b0, 0x0000014eef60b820, 0x0000014eef608a90,
0x0000014eef608fa0, 0x0000014eef6094b0, 0x0000014eef609ed0, 0x0000014eef6099c0
}

Java Threads: ( => current thread )
  0x0000014ed10c70d0 JavaThread "main" [_thread_in_vm, id=24196, stack(0x0000003d87400000,0x0000003d87500000)]
  0x0000014eef46a3e0 JavaThread "Reference Handler" daemon [_thread_blocked, id=24412, stack(0x0000003d87b00000,0x0000003d87c00000)]
  0x0000014eef46ba50 JavaThread "Finalizer" daemon [_thread_blocked, id=22968, stack(0x0000003d87c00000,0x0000003d87d00000)]
  0x0000014eef43f0c0 JavaThread "Signal Dispatcher" daemon [_thread_blocked, id=22016, stack(0x0000003d87d00000,0x0000003d87e00000)]
  0x0000014eef4730c0 JavaThread "Attach Listener" daemon [_thread_blocked, id=24408, stack(0x0000003d87e00000,0x0000003d87f00000)]
  0x0000014eef492ba0 JavaThread "Service Thread" daemon [_thread_blocked, id=23580, stack(0x0000003d87f00000,0x0000003d88000000)]
  0x0000014eef498490 JavaThread "Monitor Deflation Thread" daemon [_thread_blocked, id=21288, stack(0x0000003d88000000,0x0000003d88100000)]
=>0x0000014eef49de80 JavaThread "C2 CompilerThread0" daemon [_thread_in_native, id=19676, stack(0x0000003d88100000,0x0000003d88200000)]
  0x0000014eef4a03b0 JavaThread "C1 CompilerThread0" daemon [_thread_blocked, id=23936, stack(0x0000003d88200000,0x0000003d88300000)]
  0x0000014eef4b08b0 JavaThread "Sweeper thread" daemon [_thread_blocked, id=24404, stack(0x0000003d88300000,0x0000003d88400000)]
  0x0000014eef60b820 JavaThread "Notification Thread" daemon [_thread_blocked, id=23356, stack(0x0000003d88400000,0x0000003d88500000)]
  0x0000014eef608a90 JavaThread "Common-Cleaner" daemon [_thread_blocked, id=24052, stack(0x0000003d88600000,0x0000003d88700000)]
  0x0000014eef608fa0 JavaThread "Java2D Disposer" daemon [_thread_blocked, id=21492, stack(0x0000003d88700000,0x0000003d88800000)]
  0x0000014eef6094b0 JavaThread "AWT-Shutdown" [_thread_blocked, id=24240, stack(0x0000003d88800000,0x0000003d88900000)]
  0x0000014eef609ed0 JavaThread "AWT-Windows" daemon [_thread_in_native, id=23876, stack(0x0000003d88900000,0x0000003d88a00000)]
  0x0000014eef6099c0 JavaThread "AWT-EventQueue-0" [_thread_blocked, id=20652, stack(0x0000003d88a00000,0x0000003d88b00000)]

Other Threads:
  0x0000014eef3ed770 VMThread "VM Thread" [stack: 0x0000003d87a00000,0x0000003d87b00000] [id=24320]
  0x0000014eef610bd0 WatcherThread [stack: 0x0000003d88500000,0x0000003d88600000] [id=22056]
  0x0000014ed1132640 GCTaskThread "GC Thread#0" [stack: 0x0000003d87500000,0x0000003d87600000] [id=23740]
  0x0000014ed1143ad0 ConcurrentGCThread "G1 Main Marker" [stack: 0x0000003d87600000,0x0000003d87700000] [id=24476]
  0x0000014ed11443f0 ConcurrentGCThread "G1 Conc#0" [stack: 0x0000003d87700000,0x0000003d87800000] [id=24452]
  0x0000014ed11867a0 ConcurrentGCThread "G1 Refine#0" [stack: 0x0000003d87800000,0x0000003d87900000] [id=24328]
  0x0000014eef2a4640 ConcurrentGCThread "G1 Service" [stack: 0x0000003d87900000,0x0000003d87a00000] [id=24332]

Threads with active compile tasks:
C2 CompilerThread0      660  498       4       java.lang.StringLatin1::replace (198 bytes)
C1 CompilerThread0      660  540       3       java.util.EventObject::<init> (24 bytes)

VM state: not at safepoint (normal execution)

VM Mutex/Monitor currently owned by a thread:  ([mutex/lock_event])
[0x0000014ed10c01e0] MethodData_lock - owner thread: 0x0000000000000000

Heap address: 0x0000000701600000, size: 4074 MB, Compressed Oops mode: Zero based, Oop shift amount: 3

CDS archive(s) not mapped
Compressed class space mapped at: 0x0000000800000000-0x0000000840000000, reserved size: 1073741824
Narrow klass base: 0x0000000800000000, Narrow klass shift: 0, Narrow klass range: 0x40000000

GC Precious Log:
 CPUs: 4 total, 4 available
 Memory: 16288M
 Large Page Support: Disabled
 NUMA Support: Disabled
 Compressed Oops: Enabled (Zero based)
 Heap Region Size: 2M
 Heap Min Capacity: 8M
 Heap Initial Capacity: 256M
 Heap Max Capacity: 4074M
 Pre-touch: Disabled
 Parallel Workers: 4
 Concurrent Workers: 1
 Concurrent Refinement Workers: 4
 Periodic GC: Disabled

Heap:
 garbage-first heap   total 262144K, used 4096K [0x0000000701600000, 0x0000000800000000)
  region size 2048K, 3 young (6144K), 0 survivors (0K)
 Metaspace       used 12477K, committed 12736K, reserved 1114112K
  class space    used 1366K, committed 1472K, reserved 1048576K

Heap Regions: E=young(eden), S=young(survivor), O=old, HS=humongous(starts), HC=humongous(continues), CS=collection set, F=free, OA=open archive, CA=closed archive, TAMS=top-at-mark-start (previous, next)
|   0|0x0000000701600000, 0x0000000701600000, 0x0000000701800000|  0%| F|  |TAMS 0x0000000701600000, 0x0000000701600000| Untracked 
|   1|0x0000000701800000, 0x0000000701800000, 0x0000000701a00000|  0%| F|  |TAMS 0x0000000701800000, 0x0000000701800000| Untracked 
|   2|0x0000000701a00000, 0x0000000701a00000, 0x0000000701c00000|  0%| F|  |TAMS 0x0000000701a00000, 0x0000000701a00000| Untracked 
|   3|0x0000000701c00000, 0x0000000701c00000, 0x0000000701e00000|  0%| F|  |TAMS 0x0000000701c00000, 0x0000000701c00000| Untracked 
|   4|0x0000000701e00000, 0x0000000701e00000, 0x0000000702000000|  0%| F|  |TAMS 0x0000000701e00000, 0x0000000701e00000| Untracked 
|   5|0x0000000702000000, 0x0000000702000000, 0x0000000702200000|  0%| F|  |TAMS 0x0000000702000000, 0x0000000702000000| Untracked 
|   6|0x0000000702200000, 0x0000000702200000, 0x0000000702400000|  0%| F|  |TAMS 0x0000000702200000, 0x0000000702200000| Untracked 
|   7|0x0000000702400000, 0x0000000702400000, 0x0000000702600000|  0%| F|  |TAMS 0x0000000702400000, 0x0000000702400000| Untracked 
|   8|0x0000000702600000, 0x0000000702600000, 0x0000000702800000|  0%| F|  |TAMS 0x0000000702600000, 0x0000000702600000| Untracked 
|   9|0x0000000702800000, 0x0000000702800000, 0x0000000702a00000|  0%| F|  |TAMS 0x0000000702800000, 0x0000000702800000| Untracked 
|  10|0x0000000702a00000, 0x0000000702a00000, 0x0000000702c00000|  0%| F|  |TAMS 0x0000000702a00000, 0x0000000702a00000| Untracked 
|  11|0x0000000702c00000, 0x0000000702c00000, 0x0000000702e00000|  0%| F|  |TAMS 0x0000000702c00000, 0x0000000702c00000| Untracked 
|  12|0x0000000702e00000, 0x0000000702e00000, 0x0000000703000000|  0%| F|  |TAMS 0x0000000702e00000, 0x0000000702e00000| Untracked 
|  13|0x0000000703000000, 0x0000000703000000, 0x0000000703200000|  0%| F|  |TAMS 0x0000000703000000, 0x0000000703000000| Untracked 
|  14|0x0000000703200000, 0x0000000703200000, 0x0000000703400000|  0%| F|  |TAMS 0x0000000703200000, 0x0000000703200000| Untracked 
|  15|0x0000000703400000, 0x0000000703400000, 0x0000000703600000|  0%| F|  |TAMS 0x0000000703400000, 0x0000000703400000| Untracked 
|  16|0x0000000703600000, 0x0000000703600000, 0x0000000703800000|  0%| F|  |TAMS 0x0000000703600000, 0x0000000703600000| Untracked 
|  17|0x0000000703800000, 0x0000000703800000, 0x0000000703a00000|  0%| F|  |TAMS 0x0000000703800000, 0x0000000703800000| Untracked 
|  18|0x0000000703a00000, 0x0000000703a00000, 0x0000000703c00000|  0%| F|  |TAMS 0x0000000703a00000, 0x0000000703a00000| Untracked 
|  19|0x0000000703c00000, 0x0000000703c00000, 0x0000000703e00000|  0%| F|  |TAMS 0x0000000703c00000, 0x0000000703c00000| Untracked 
|  20|0x0000000703e00000, 0x0000000703e00000, 0x0000000704000000|  0%| F|  |TAMS 0x0000000703e00000, 0x0000000703e00000| Untracked 
|  21|0x0000000704000000, 0x0000000704000000, 0x0000000704200000|  0%| F|  |TAMS 0x0000000704000000, 0x0000000704000000| Untracked 
|  22|0x0000000704200000, 0x0000000704200000, 0x0000000704400000|  0%| F|  |TAMS 0x0000000704200000, 0x0000000704200000| Untracked 
|  23|0x0000000704400000, 0x0000000704400000, 0x0000000704600000|  0%| F|  |TAMS 0x0000000704400000, 0x0000000704400000| Untracked 
|  24|0x0000000704600000, 0x0000000704600000, 0x0000000704800000|  0%| F|  |TAMS 0x0000000704600000, 0x0000000704600000| Untracked 
|  25|0x0000000704800000, 0x0000000704800000, 0x0000000704a00000|  0%| F|  |TAMS 0x0000000704800000, 0x0000000704800000| Untracked 
|  26|0x0000000704a00000, 0x0000000704a00000, 0x0000000704c00000|  0%| F|  |TAMS 0x0000000704a00000, 0x0000000704a00000| Untracked 
|  27|0x0000000704c00000, 0x0000000704c00000, 0x0000000704e00000|  0%| F|  |TAMS 0x0000000704c00000, 0x0000000704c00000| Untracked 
|  28|0x0000000704e00000, 0x0000000704e00000, 0x0000000705000000|  0%| F|  |TAMS 0x0000000704e00000, 0x0000000704e00000| Untracked 
|  29|0x0000000705000000, 0x0000000705000000, 0x0000000705200000|  0%| F|  |TAMS 0x0000000705000000, 0x0000000705000000| Untracked 
|  30|0x0000000705200000, 0x0000000705200000, 0x0000000705400000|  0%| F|  |TAMS 0x0000000705200000, 0x0000000705200000| Untracked 
|  31|0x0000000705400000, 0x0000000705400000, 0x0000000705600000|  0%| F|  |TAMS 0x0000000705400000, 0x0000000705400000| Untracked 
|  32|0x0000000705600000, 0x0000000705600000, 0x0000000705800000|  0%| F|  |TAMS 0x0000000705600000, 0x0000000705600000| Untracked 
|  33|0x0000000705800000, 0x0000000705800000, 0x0000000705a00000|  0%| F|  |TAMS 0x0000000705800000, 0x0000000705800000| Untracked 
|  34|0x0000000705a00000, 0x0000000705a00000, 0x0000000705c00000|  0%| F|  |TAMS 0x0000000705a00000, 0x0000000705a00000| Untracked 
|  35|0x0000000705c00000, 0x0000000705c00000, 0x0000000705e00000|  0%| F|  |TAMS 0x0000000705c00000, 0x0000000705c00000| Untracked 
|  36|0x0000000705e00000, 0x0000000705e00000, 0x0000000706000000|  0%| F|  |TAMS 0x0000000705e00000, 0x0000000705e00000| Untracked 
|  37|0x0000000706000000, 0x0000000706000000, 0x0000000706200000|  0%| F|  |TAMS 0x0000000706000000, 0x0000000706000000| Untracked 
|  38|0x0000000706200000, 0x0000000706200000, 0x0000000706400000|  0%| F|  |TAMS 0x0000000706200000, 0x0000000706200000| Untracked 
|  39|0x0000000706400000, 0x0000000706400000, 0x0000000706600000|  0%| F|  |TAMS 0x0000000706400000, 0x0000000706400000| Untracked 
|  40|0x0000000706600000, 0x0000000706600000, 0x0000000706800000|  0%| F|  |TAMS 0x0000000706600000, 0x0000000706600000| Untracked 
|  41|0x0000000706800000, 0x0000000706800000, 0x0000000706a00000|  0%| F|  |TAMS 0x0000000706800000, 0x0000000706800000| Untracked 
|  42|0x0000000706a00000, 0x0000000706a00000, 0x0000000706c00000|  0%| F|  |TAMS 0x0000000706a00000, 0x0000000706a00000| Untracked 
|  43|0x0000000706c00000, 0x0000000706c00000, 0x0000000706e00000|  0%| F|  |TAMS 0x0000000706c00000, 0x0000000706c00000| Untracked 
|  44|0x0000000706e00000, 0x0000000706e00000, 0x0000000707000000|  0%| F|  |TAMS 0x0000000706e00000, 0x0000000706e00000| Untracked 
|  45|0x0000000707000000, 0x0000000707000000, 0x0000000707200000|  0%| F|  |TAMS 0x0000000707000000, 0x0000000707000000| Untracked 
|  46|0x0000000707200000, 0x0000000707200000, 0x0000000707400000|  0%| F|  |TAMS 0x0000000707200000, 0x0000000707200000| Untracked 
|  47|0x0000000707400000, 0x0000000707400000, 0x0000000707600000|  0%| F|  |TAMS 0x0000000707400000, 0x0000000707400000| Untracked 
|  48|0x0000000707600000, 0x0000000707600000, 0x0000000707800000|  0%| F|  |TAMS 0x0000000707600000, 0x0000000707600000| Untracked 
|  49|0x0000000707800000, 0x0000000707800000, 0x0000000707a00000|  0%| F|  |TAMS 0x0000000707800000, 0x0000000707800000| Untracked 
|  50|0x0000000707a00000, 0x0000000707a00000, 0x0000000707c00000|  0%| F|  |TAMS 0x0000000707a00000, 0x0000000707a00000| Untracked 
|  51|0x0000000707c00000, 0x0000000707c00000, 0x0000000707e00000|  0%| F|  |TAMS 0x0000000707c00000, 0x0000000707c00000| Untracked 
|  52|0x0000000707e00000, 0x0000000707e00000, 0x0000000708000000|  0%| F|  |TAMS 0x0000000707e00000, 0x0000000707e00000| Untracked 
|  53|0x0000000708000000, 0x0000000708000000, 0x0000000708200000|  0%| F|  |TAMS 0x0000000708000000, 0x0000000708000000| Untracked 
|  54|0x0000000708200000, 0x0000000708200000, 0x0000000708400000|  0%| F|  |TAMS 0x0000000708200000, 0x0000000708200000| Untracked 
|  55|0x0000000708400000, 0x0000000708400000, 0x0000000708600000|  0%| F|  |TAMS 0x0000000708400000, 0x0000000708400000| Untracked 
|  56|0x0000000708600000, 0x0000000708600000, 0x0000000708800000|  0%| F|  |TAMS 0x0000000708600000, 0x0000000708600000| Untracked 
|  57|0x0000000708800000, 0x0000000708800000, 0x0000000708a00000|  0%| F|  |TAMS 0x0000000708800000, 0x0000000708800000| Untracked 
|  58|0x0000000708a00000, 0x0000000708a00000, 0x0000000708c00000|  0%| F|  |TAMS 0x0000000708a00000, 0x0000000708a00000| Untracked 
|  59|0x0000000708c00000, 0x0000000708c00000, 0x0000000708e00000|  0%| F|  |TAMS 0x0000000708c00000, 0x0000000708c00000| Untracked 
|  60|0x0000000708e00000, 0x0000000708e00000, 0x0000000709000000|  0%| F|  |TAMS 0x0000000708e00000, 0x0000000708e00000| Untracked 
|  61|0x0000000709000000, 0x0000000709000000, 0x0000000709200000|  0%| F|  |TAMS 0x0000000709000000, 0x0000000709000000| Untracked 
|  62|0x0000000709200000, 0x0000000709200000, 0x0000000709400000|  0%| F|  |TAMS 0x0000000709200000, 0x0000000709200000| Untracked 
|  63|0x0000000709400000, 0x0000000709400000, 0x0000000709600000|  0%| F|  |TAMS 0x0000000709400000, 0x0000000709400000| Untracked 
|  64|0x0000000709600000, 0x0000000709600000, 0x0000000709800000|  0%| F|  |TAMS 0x0000000709600000, 0x0000000709600000| Untracked 
|  65|0x0000000709800000, 0x0000000709800000, 0x0000000709a00000|  0%| F|  |TAMS 0x0000000709800000, 0x0000000709800000| Untracked 
|  66|0x0000000709a00000, 0x0000000709a00000, 0x0000000709c00000|  0%| F|  |TAMS 0x0000000709a00000, 0x0000000709a00000| Untracked 
|  67|0x0000000709c00000, 0x0000000709c00000, 0x0000000709e00000|  0%| F|  |TAMS 0x0000000709c00000, 0x0000000709c00000| Untracked 
|  68|0x0000000709e00000, 0x0000000709e00000, 0x000000070a000000|  0%| F|  |TAMS 0x0000000709e00000, 0x0000000709e00000| Untracked 
|  69|0x000000070a000000, 0x000000070a000000, 0x000000070a200000|  0%| F|  |TAMS 0x000000070a000000, 0x000000070a000000| Untracked 
|  70|0x000000070a200000, 0x000000070a200000, 0x000000070a400000|  0%| F|  |TAMS 0x000000070a200000, 0x000000070a200000| Untracked 
|  71|0x000000070a400000, 0x000000070a400000, 0x000000070a600000|  0%| F|  |TAMS 0x000000070a400000, 0x000000070a400000| Untracked 
|  72|0x000000070a600000, 0x000000070a600000, 0x000000070a800000|  0%| F|  |TAMS 0x000000070a600000, 0x000000070a600000| Untracked 
|  73|0x000000070a800000, 0x000000070a800000, 0x000000070aa00000|  0%| F|  |TAMS 0x000000070a800000, 0x000000070a800000| Untracked 
|  74|0x000000070aa00000, 0x000000070aa00000, 0x000000070ac00000|  0%| F|  |TAMS 0x000000070aa00000, 0x000000070aa00000| Untracked 
|  75|0x000000070ac00000, 0x000000070ac00000, 0x000000070ae00000|  0%| F|  |TAMS 0x000000070ac00000, 0x000000070ac00000| Untracked 
|  76|0x000000070ae00000, 0x000000070ae00000, 0x000000070b000000|  0%| F|  |TAMS 0x000000070ae00000, 0x000000070ae00000| Untracked 
|  77|0x000000070b000000, 0x000000070b000000, 0x000000070b200000|  0%| F|  |TAMS 0x000000070b000000, 0x000000070b000000| Untracked 
|  78|0x000000070b200000, 0x000000070b200000, 0x000000070b400000|  0%| F|  |TAMS 0x000000070b200000, 0x000000070b200000| Untracked 
|  79|0x000000070b400000, 0x000000070b400000, 0x000000070b600000|  0%| F|  |TAMS 0x000000070b400000, 0x000000070b400000| Untracked 
|  80|0x000000070b600000, 0x000000070b600000, 0x000000070b800000|  0%| F|  |TAMS 0x000000070b600000, 0x000000070b600000| Untracked 
|  81|0x000000070b800000, 0x000000070b800000, 0x000000070ba00000|  0%| F|  |TAMS 0x000000070b800000, 0x000000070b800000| Untracked 
|  82|0x000000070ba00000, 0x000000070ba00000, 0x000000070bc00000|  0%| F|  |TAMS 0x000000070ba00000, 0x000000070ba00000| Untracked 
|  83|0x000000070bc00000, 0x000000070bc00000, 0x000000070be00000|  0%| F|  |TAMS 0x000000070bc00000, 0x000000070bc00000| Untracked 
|  84|0x000000070be00000, 0x000000070be00000, 0x000000070c000000|  0%| F|  |TAMS 0x000000070be00000, 0x000000070be00000| Untracked 
|  85|0x000000070c000000, 0x000000070c000000, 0x000000070c200000|  0%| F|  |TAMS 0x000000070c000000, 0x000000070c000000| Untracked 
|  86|0x000000070c200000, 0x000000070c200000, 0x000000070c400000|  0%| F|  |TAMS 0x000000070c200000, 0x000000070c200000| Untracked 
|  87|0x000000070c400000, 0x000000070c400000, 0x000000070c600000|  0%| F|  |TAMS 0x000000070c400000, 0x000000070c400000| Untracked 
|  88|0x000000070c600000, 0x000000070c600000, 0x000000070c800000|  0%| F|  |TAMS 0x000000070c600000, 0x000000070c600000| Untracked 
|  89|0x000000070c800000, 0x000000070c800000, 0x000000070ca00000|  0%| F|  |TAMS 0x000000070c800000, 0x000000070c800000| Untracked 
|  90|0x000000070ca00000, 0x000000070ca00000, 0x000000070cc00000|  0%| F|  |TAMS 0x000000070ca00000, 0x000000070ca00000| Untracked 
|  91|0x000000070cc00000, 0x000000070cc00000, 0x000000070ce00000|  0%| F|  |TAMS 0x000000070cc00000, 0x000000070cc00000| Untracked 
|  92|0x000000070ce00000, 0x000000070ce00000, 0x000000070d000000|  0%| F|  |TAMS 0x000000070ce00000, 0x000000070ce00000| Untracked 
|  93|0x000000070d000000, 0x000000070d000000, 0x000000070d200000|  0%| F|  |TAMS 0x000000070d000000, 0x000000070d000000| Untracked 
|  94|0x000000070d200000, 0x000000070d200000, 0x000000070d400000|  0%| F|  |TAMS 0x000000070d200000, 0x000000070d200000| Untracked 
|  95|0x000000070d400000, 0x000000070d400000, 0x000000070d600000|  0%| F|  |TAMS 0x000000070d400000, 0x000000070d400000| Untracked 
|  96|0x000000070d600000, 0x000000070d600000, 0x000000070d800000|  0%| F|  |TAMS 0x000000070d600000, 0x000000070d600000| Untracked 
|  97|0x000000070d800000, 0x000000070d800000, 0x000000070da00000|  0%| F|  |TAMS 0x000000070d800000, 0x000000070d800000| Untracked 
|  98|0x000000070da00000, 0x000000070da00000, 0x000000070dc00000|  0%| F|  |TAMS 0x000000070da00000, 0x000000070da00000| Untracked 
|  99|0x000000070dc00000, 0x000000070dc00000, 0x000000070de00000|  0%| F|  |TAMS 0x000000070dc00000, 0x000000070dc00000| Untracked 
| 100|0x000000070de00000, 0x000000070de00000, 0x000000070e000000|  0%| F|  |TAMS 0x000000070de00000, 0x000000070de00000| Untracked 
| 101|0x000000070e000000, 0x000000070e000000, 0x000000070e200000|  0%| F|  |TAMS 0x000000070e000000, 0x000000070e000000| Untracked 
| 102|0x000000070e200000, 0x000000070e200000, 0x000000070e400000|  0%| F|  |TAMS 0x000000070e200000, 0x000000070e200000| Untracked 
| 103|0x000000070e400000, 0x000000070e400000, 0x000000070e600000|  0%| F|  |TAMS 0x000000070e400000, 0x000000070e400000| Untracked 
| 104|0x000000070e600000, 0x000000070e600000, 0x000000070e800000|  0%| F|  |TAMS 0x000000070e600000, 0x000000070e600000| Untracked 
| 105|0x000000070e800000, 0x000000070e800000, 0x000000070ea00000|  0%| F|  |TAMS 0x000000070e800000, 0x000000070e800000| Untracked 
| 106|0x000000070ea00000, 0x000000070ea00000, 0x000000070ec00000|  0%| F|  |TAMS 0x000000070ea00000, 0x000000070ea00000| Untracked 
| 107|0x000000070ec00000, 0x000000070ec00000, 0x000000070ee00000|  0%| F|  |TAMS 0x000000070ec00000, 0x000000070ec00000| Untracked 
| 108|0x000000070ee00000, 0x000000070ee00000, 0x000000070f000000|  0%| F|  |TAMS 0x000000070ee00000, 0x000000070ee00000| Untracked 
| 109|0x000000070f000000, 0x000000070f000000, 0x000000070f200000|  0%| F|  |TAMS 0x000000070f000000, 0x000000070f000000| Untracked 
| 110|0x000000070f200000, 0x000000070f200000, 0x000000070f400000|  0%| F|  |TAMS 0x000000070f200000, 0x000000070f200000| Untracked 
| 111|0x000000070f400000, 0x000000070f400000, 0x000000070f600000|  0%| F|  |TAMS 0x000000070f400000, 0x000000070f400000| Untracked 
| 112|0x000000070f600000, 0x000000070f600000, 0x000000070f800000|  0%| F|  |TAMS 0x000000070f600000, 0x000000070f600000| Untracked 
| 113|0x000000070f800000, 0x000000070f800000, 0x000000070fa00000|  0%| F|  |TAMS 0x000000070f800000, 0x000000070f800000| Untracked 
| 114|0x000000070fa00000, 0x000000070fa00000, 0x000000070fc00000|  0%| F|  |TAMS 0x000000070fa00000, 0x000000070fa00000| Untracked 
| 115|0x000000070fc00000, 0x000000070fc00000, 0x000000070fe00000|  0%| F|  |TAMS 0x000000070fc00000, 0x000000070fc00000| Untracked 
| 116|0x000000070fe00000, 0x000000070fe00000, 0x0000000710000000|  0%| F|  |TAMS 0x000000070fe00000, 0x000000070fe00000| Untracked 
| 117|0x0000000710000000, 0x0000000710000000, 0x0000000710200000|  0%| F|  |TAMS 0x0000000710000000, 0x0000000710000000| Untracked 
| 118|0x0000000710200000, 0x0000000710200000, 0x0000000710400000|  0%| F|  |TAMS 0x0000000710200000, 0x0000000710200000| Untracked 
| 119|0x0000000710400000, 0x0000000710400000, 0x0000000710600000|  0%| F|  |TAMS 0x0000000710400000, 0x0000000710400000| Untracked 
| 120|0x0000000710600000, 0x0000000710600000, 0x0000000710800000|  0%| F|  |TAMS 0x0000000710600000, 0x0000000710600000| Untracked 
| 121|0x0000000710800000, 0x0000000710800000, 0x0000000710a00000|  0%| F|  |TAMS 0x0000000710800000, 0x0000000710800000| Untracked 
| 122|0x0000000710a00000, 0x0000000710a00000, 0x0000000710c00000|  0%| F|  |TAMS 0x0000000710a00000, 0x0000000710a00000| Untracked 
| 123|0x0000000710c00000, 0x0000000710c00000, 0x0000000710e00000|  0%| F|  |TAMS 0x0000000710c00000, 0x0000000710c00000| Untracked 
| 124|0x0000000710e00000, 0x0000000710e00000, 0x0000000711000000|  0%| F|  |TAMS 0x0000000710e00000, 0x0000000710e00000| Untracked 
| 125|0x0000000711000000, 0x00000007110b8e10, 0x0000000711200000| 36%| E|  |TAMS 0x0000000711000000, 0x0000000711000000| Complete 
| 126|0x0000000711200000, 0x0000000711400000, 0x0000000711400000|100%| E|CS|TAMS 0x0000000711200000, 0x0000000711200000| Complete 
| 127|0x0000000711400000, 0x0000000711600000, 0x0000000711600000|100%| E|CS|TAMS 0x0000000711400000, 0x0000000711400000| Complete 

Card table byte_map: [0x0000014ee3f90000,0x0000014ee4790000] _byte_map_base: 0x0000014ee0785000

Marking Bits (Prev, Next): (CMBitMap*) 0x0000014ed1132b70, (CMBitMap*) 0x0000014ed1132bb0
 Prev Bits: [0x0000014ee4f90000, 0x0000014ee8f38000)
 Next Bits: [0x0000014ee8f40000, 0x0000014eecee8000)

Polling page: 0x0000014ed0890000

Metaspace:

Usage:
  Non-class:     10.93 MB used.
      Class:      1.35 MB used.
       Both:     12.28 MB used.

Virtual space:
  Non-class space:       64.00 MB reserved,      11.06 MB ( 17%) committed,  1 nodes.
      Class space:        1.00 GB reserved,       1.44 MB ( <1%) committed,  1 nodes.
             Both:        1.06 GB reserved,      12.50 MB (  1%) committed. 

Chunk freelists:
   Non-Class:  5.00 MB
       Class:  14.61 MB
        Both:  19.61 MB

MaxMetaspaceSize: unlimited
CompressedClassSpaceSize: 1.00 GB
Initial GC threshold: 21.00 MB
Current GC threshold: 21.00 MB
CDS: off
MetaspaceReclaimPolicy: balanced
 - commit_granule_bytes: 65536.
 - commit_granule_words: 8192.
 - virtual_space_node_default_size: 8388608.
 - enlarge_chunks_in_place: 1.
 - new_chunks_are_fully_committed: 0.
 - uncommit_free_chunks: 1.
 - use_allocation_guard: 0.
 - handle_deallocations: 1.


Internal statistics:

num_allocs_failed_limit: 0.
num_arena_births: 92.
num_arena_deaths: 0.
num_vsnodes_births: 2.
num_vsnodes_deaths: 0.
num_space_committed: 200.
num_space_uncommitted: 0.
num_chunks_returned_to_freelist: 0.
num_chunks_taken_from_freelist: 156.
num_chunk_merges: 0.
num_chunk_splits: 77.
num_chunks_enlarged: 21.
num_inconsistent_stats: 0.

CodeHeap 'non-profiled nmethods': size=120000Kb used=141Kb max_used=141Kb free=119858Kb
 bounds [0x0000014edc260000, 0x0000014edc4d0000, 0x0000014ee3790000]
CodeHeap 'profiled nmethods': size=120000Kb used=879Kb max_used=879Kb free=119120Kb
 bounds [0x0000014ed4790000, 0x0000014ed4a00000, 0x0000014edbcc0000]
CodeHeap 'non-nmethods': size=5760Kb used=1186Kb max_used=1196Kb free=4573Kb
 bounds [0x0000014edbcc0000, 0x0000014edbf30000, 0x0000014edc260000]
 total_blobs=1038 nmethods=551 adapters=400
 compilation: enabled
              stopped_count=0, restarted_count=0
 full_count=0

Compilation events (20 events):
Event: 0.608 Thread 0x0000014eef4a03b0 nmethod 495 0x0000014ed484bd10 code [0x0000014ed484bea0, 0x0000014ed484bfb8]
Event: 0.609 Thread 0x0000014eef4a03b0  497       3       java.lang.invoke.MethodType$ConcurrentWeakInternSet$WeakEntry::<init> (15 bytes)
Event: 0.609 Thread 0x0000014eef49de80  498       4       java.lang.StringLatin1::replace (198 bytes)
Event: 0.609 Thread 0x0000014eef4a03b0 nmethod 497 0x0000014ed484c090 code [0x0000014ed484c260, 0x0000014ed484c688]
Event: 0.611 Thread 0x0000014eef4a03b0  499       3       sun.awt.SunToolkit::getAppContext (42 bytes)
Event: 0.612 Thread 0x0000014eef4a03b0 nmethod 499 0x0000014ed484c810 code [0x0000014ed484cac0, 0x0000014ed484d8e8]
Event: 0.617 Thread 0x0000014eef4a03b0  500       3       javax.swing.ArrayTable::put (191 bytes)
Event: 0.618 Thread 0x0000014eef4a03b0 nmethod 500 0x0000014ed484dd90 code [0x0000014ed484e060, 0x0000014ed484f658]
Event: 0.618 Thread 0x0000014eef4a03b0  501       3       java.awt.Component::getTreeLock (4 bytes)
Event: 0.618 Thread 0x0000014eef4a03b0 nmethod 501 0x0000014ed484fa90 code [0x0000014ed484fc20, 0x0000014ed484fd38]
Event: 0.619 Thread 0x0000014eef4a03b0  502       3       java.lang.invoke.Invokers$Holder::linkToTargetMethod (9 bytes)
Event: 0.619 Thread 0x0000014eef4a03b0 nmethod 502 0x0000014ed484fe10 code [0x0000014ed484ffc0, 0x0000014ed4850398]
Event: 0.619 Thread 0x0000014eef4a03b0  503       1       javax.swing.text.GapVector::getGapEnd (5 bytes)
Event: 0.619 Thread 0x0000014eef4a03b0 nmethod 503 0x0000014edc281890 code [0x0000014edc281a20, 0x0000014edc281af8]
Event: 0.619 Thread 0x0000014eef4a03b0  504       1       javax.swing.text.GapVector::getGapStart (5 bytes)
Event: 0.619 Thread 0x0000014eef4a03b0 nmethod 504 0x0000014edc281b90 code [0x0000014edc281d20, 0x0000014edc281df8]
Event: 0.620 Thread 0x0000014eef4a03b0  505       1       javax.swing.text.GapVector::getArray (5 bytes)
Event: 0.620 Thread 0x0000014eef4a03b0 nmethod 505 0x0000014edc281e90 code [0x0000014edc282020, 0x0000014edc2820f8]
Event: 0.620 Thread 0x0000014eef4a03b0  506       3       java.lang.String::checkBoundsOffCount (64 bytes)
Event: 0.621 Thread 0x0000014eef4a03b0 nmethod 506 0x0000014ed4850490 code [0x0000014ed4850720, 0x0000014ed4851018]

GC Heap History (0 events):
No events

Dll operation events (3 events):
Event: 0.016 Loaded shared library C:\Users\enzov\.p2\pool\plugins\org.eclipse.justj.openjdk.hotspot.jre.full.win32.x86_64_17.0.8.v20230801-1951\jre\bin\java.dll
Event: 0.207 Loaded shared library C:\Users\enzov\.p2\pool\plugins\org.eclipse.justj.openjdk.hotspot.jre.full.win32.x86_64_17.0.8.v20230801-1951\jre\bin\jimage.dll
Event: 0.258 Loaded shared library C:\Users\enzov\.p2\pool\plugins\org.eclipse.justj.openjdk.hotspot.jre.full.win32.x86_64_17.0.8.v20230801-1951\jre\bin\awt.dll

Deoptimization events (0 events):
No events

Classes unloaded (0 events):
No events

Classes redefined (0 events):
No events

Internal exceptions (10 events):
Event: 0.243 Thread 0x0000014ed10c70d0 Exception <a 'java/lang/ClassNotFoundException'{0x0000000711537578}: sun/awt/resources/spi/awtProvider> (0x0000000711537578) 
thrown [s\src\hotspot\share\classfile\systemDictionary.cpp, line 256]
Event: 0.287 Thread 0x0000014ed10c70d0 Exception <a 'java/io/FileNotFoundException'{0x0000000711591638}> (0x0000000711591638) 
thrown [s\src\hotspot\share\prims\jni.cpp, line 516]
Event: 0.298 Thread 0x0000014ed10c70d0 Exception <a 'java/io/FileNotFoundException'{0x00000007115be838}> (0x00000007115be838) 
thrown [s\src\hotspot\share\prims\jni.cpp, line 516]
Event: 0.369 Thread 0x0000014ed10c70d0 Exception <a 'java/lang/NoSuchMethodError'{0x0000000711210990}: 'java.lang.Object java.lang.invoke.DirectMethodHandle$Holder.invokeStaticInit(java.lang.Object)'> (0x0000000711210990) 
thrown [s\src\hotspot\share\interpreter\linkResolver.cpp, line 759]
Event: 0.417 Thread 0x0000014ed10c70d0 Exception <a 'java/lang/NoSuchMethodError'{0x0000000711298158}: 'void java.lang.invoke.DirectMethodHandle$Holder.invokeSpecial(java.lang.Object, java.lang.Object, java.lang.Object)'> (0x0000000711298158) 
thrown [s\src\hotspot\share\interpreter\linkResolver.cpp, line 759]
Event: 0.427 Thread 0x0000014ed10c70d0 Exception <a 'java/lang/NoSuchMethodError'{0x00000007112c2628}: 'java.lang.Object java.lang.invoke.DirectMethodHandle$Holder.newInvokeSpecial(java.lang.Object, java.lang.Object, java.lang.Object, java.lang.Object, java.lang.Object)'> (0x00000007112c2628) 
thrown [s\src\hotspot\share\interpreter\linkResolver.cpp, line 759]
Event: 0.431 Thread 0x0000014ed10c70d0 Exception <a 'java/lang/NoSuchMethodError'{0x00000007112cdff0}: 'java.lang.Object java.lang.invoke.DirectMethodHandle$Holder.invokeStatic(java.lang.Object, int, java.lang.Object, java.lang.Object, java.lang.Object, java.lang.Object)'> (0x00000007112cdff0) 
thrown [s\src\hotspot\share\interpreter\linkResolver.cpp, line 759]
Event: 0.435 Thread 0x0000014ed10c70d0 Exception <a 'java/lang/NoSuchMethodError'{0x00000007112f37b0}: 'java.lang.Object java.lang.invoke.DirectMethodHandle$Holder.invokeStatic(java.lang.Object, int, java.lang.Object)'> (0x00000007112f37b0) 
thrown [s\src\hotspot\share\interpreter\linkResolver.cpp, line 759]
Event: 0.479 Thread 0x0000014ed10c70d0 Exception <a 'java/lang/ClassNotFoundException'{0x00000007113ab9a8}: com/sun/swing/internal/plaf/metal/resources/spi/metalProvider> (0x00000007113ab9a8) 
thrown [s\src\hotspot\share\classfile\systemDictionary.cpp, line 256]
Event: 0.482 Thread 0x0000014ed10c70d0 Exception <a 'java/lang/ClassNotFoundException'{0x00000007113b0668}: com/sun/swing/internal/plaf/basic/resources/spi/basicProvider> (0x00000007113b0668) 
thrown [s\src\hotspot\share\classfile\systemDictionary.cpp, line 256]

VM Operations (6 events):
Event: 0.479 Executing VM operation: HandshakeAllThreads
Event: 0.479 Executing VM operation: HandshakeAllThreads done
Event: 0.519 Executing VM operation: HandshakeAllThreads
Event: 0.519 Executing VM operation: HandshakeAllThreads done
Event: 0.556 Executing VM operation: HandshakeAllThreads
Event: 0.556 Executing VM operation: HandshakeAllThreads done

Events (20 events):
Event: 0.619 loading class java/util/concurrent/ForkJoinPool done
Event: 0.620 loading class javax/swing/text/Segment
Event: 0.620 loading class java/text/CharacterIterator
Event: 0.620 loading class java/lang/invoke/VarHandleLongs$FieldInstanceReadWrite
Event: 0.620 loading class java/text/CharacterIterator done
Event: 0.620 loading class javax/swing/text/Segment done
Event: 0.620 loading class javax/swing/plaf/metal/MetalComboBoxEditor$1
Event: 0.620 loading class java/lang/invoke/VarHandleLongs$FieldInstanceReadOnly
Event: 0.620 loading class javax/swing/plaf/metal/MetalComboBoxEditor$1 done
Event: 0.620 loading class java/lang/invoke/VarHandleLongs$FieldInstanceReadOnly done
Event: 0.620 loading class java/lang/invoke/VarHandleLongs$FieldInstanceReadWrite done
Event: 0.621 loading class java/lang/invoke/VarHandleInts$FieldStaticReadWrite
Event: 0.621 loading class java/lang/invoke/VarHandleInts$FieldStaticReadOnly
Event: 0.621 loading class java/lang/invoke/VarHandleInts$FieldStaticReadOnly done
Event: 0.621 loading class java/lang/invoke/VarHandleInts$FieldStaticReadWrite done
Event: 0.621 loading class javax/swing/plaf/metal/MetalComboBoxEditor$EditorBorder
Event: 0.621 loading class java/util/concurrent/ForkJoinPool$DefaultForkJoinWorkerThreadFactory
Event: 0.621 loading class javax/swing/plaf/metal/MetalComboBoxEditor$EditorBorder done
Event: 0.621 loading class java/util/concurrent/ForkJoinPool$ForkJoinWorkerThreadFactory
Event: 0.621 loading class javax/swing/JToolBar


Dynamic libraries:
0x00007ff78a4c0000 - 0x00007ff78a4ce000 	C:\Users\enzov\.p2\pool\plugins\org.eclipse.justj.openjdk.hotspot.jre.full.win32.x86_64_17.0.8.v20230801-1951\jre\bin\javaw.exe
0x00007ffa49f70000 - 0x00007ffa4a167000 	C:\Windows\SYSTEM32\ntdll.dll
0x00007ffa48fc0000 - 0x00007ffa4907d000 	C:\Windows\System32\KERNEL32.DLL
0x00007ffa47c20000 - 0x00007ffa47f16000 	C:\Windows\System32\KERNELBASE.dll
0x00007ffa47780000 - 0x00007ffa47880000 	C:\Windows\System32\ucrtbase.dll
0x00007ffa2dbc0000 - 0x00007ffa2dbd7000 	C:\Users\enzov\.p2\pool\plugins\org.eclipse.justj.openjdk.hotspot.jre.full.win32.x86_64_17.0.8.v20230801-1951\jre\bin\jli.dll
0x00007ffa2dba0000 - 0x00007ffa2dbb9000 	C:\Users\enzov\.p2\pool\plugins\org.eclipse.justj.openjdk.hotspot.jre.full.win32.x86_64_17.0.8.v20230801-1951\jre\bin\VCRUNTIME140.dll
0x00007ffa48e10000 - 0x00007ffa48fae000 	C:\Windows\System32\USER32.dll
0x00007ffa47b80000 - 0x00007ffa47ba2000 	C:\Windows\System32\win32u.dll
0x00007ffa3aea0000 - 0x00007ffa3b13a000 	C:\Windows\WinSxS\amd64_microsoft.windows.common-controls_6595b64144ccf1df_6.0.19041.3570_none_60bb2a3971f3e41a\COMCTL32.dll
0x00007ffa49750000 - 0x00007ffa4977c000 	C:\Windows\System32\GDI32.dll
0x00007ffa48c30000 - 0x00007ffa48cce000 	C:\Windows\System32\msvcrt.dll
0x00007ffa47a60000 - 0x00007ffa47b7a000 	C:\Windows\System32\gdi32full.dll
0x00007ffa476e0000 - 0x00007ffa4777d000 	C:\Windows\System32\msvcp_win.dll
0x00007ffa498d0000 - 0x00007ffa49900000 	C:\Windows\System32\IMM32.DLL
0x00007ffa3ab80000 - 0x00007ffa3ab8c000 	C:\Users\enzov\.p2\pool\plugins\org.eclipse.justj.openjdk.hotspot.jre.full.win32.x86_64_17.0.8.v20230801-1951\jre\bin\vcruntime140_1.dll
0x00007ffa2db00000 - 0x00007ffa2db91000 	C:\Users\enzov\.p2\pool\plugins\org.eclipse.justj.openjdk.hotspot.jre.full.win32.x86_64_17.0.8.v20230801-1951\jre\bin\msvcp140.dll
0x00007ff9dbb00000 - 0x00007ff9dc74c000 	C:\Users\enzov\.p2\pool\plugins\org.eclipse.justj.openjdk.hotspot.jre.full.win32.x86_64_17.0.8.v20230801-1951\jre\bin\server\jvm.dll
0x00007ffa49ab0000 - 0x00007ffa49b5e000 	C:\Windows\System32\ADVAPI32.dll
0x00007ffa49780000 - 0x00007ffa4981c000 	C:\Windows\System32\sechost.dll
0x00007ffa49d00000 - 0x00007ffa49e26000 	C:\Windows\System32\RPCRT4.dll
0x00007ffa47400000 - 0x00007ffa4744b000 	C:\Windows\SYSTEM32\POWRPROF.dll
0x00007ffa44b40000 - 0x00007ffa44b49000 	C:\Windows\SYSTEM32\WSOCK32.dll
0x00007ffa49270000 - 0x00007ffa492db000 	C:\Windows\System32\WS2_32.dll
0x00007ffa3e2f0000 - 0x00007ffa3e2fa000 	C:\Windows\SYSTEM32\VERSION.dll
0x00007ffa3bc70000 - 0x00007ffa3bc97000 	C:\Windows\SYSTEM32\WINMM.dll
0x00007ffa47370000 - 0x00007ffa47382000 	C:\Windows\SYSTEM32\UMPDC.dll
0x00007ffa454f0000 - 0x00007ffa45502000 	C:\Windows\SYSTEM32\kernel.appcore.dll
0x00007ffa1adc0000 - 0x00007ffa1adca000 	C:\Users\enzov\.p2\pool\plugins\org.eclipse.justj.openjdk.hotspot.jre.full.win32.x86_64_17.0.8.v20230801-1951\jre\bin\jimage.dll
0x00007ffa38b80000 - 0x00007ffa38d64000 	C:\Windows\SYSTEM32\DBGHELP.DLL
0x00007ffa38b40000 - 0x00007ffa38b74000 	C:\Windows\SYSTEM32\dbgcore.DLL
0x00007ffa47650000 - 0x00007ffa476d2000 	C:\Windows\System32\bcryptPrimitives.dll
0x00007ffa196d0000 - 0x00007ffa196f5000 	C:\Users\enzov\.p2\pool\plugins\org.eclipse.justj.openjdk.hotspot.jre.full.win32.x86_64_17.0.8.v20230801-1951\jre\bin\java.dll
0x00007ffa19f30000 - 0x00007ffa19f48000 	C:\Users\enzov\.p2\pool\plugins\org.eclipse.justj.openjdk.hotspot.jre.full.win32.x86_64_17.0.8.v20230801-1951\jre\bin\zip.dll
0x00007ffa48330000 - 0x00007ffa48a74000 	C:\Windows\System32\SHELL32.dll
0x00007ffa456f0000 - 0x00007ffa45e8b000 	C:\Windows\SYSTEM32\windows.storage.dll
0x00007ffa47fd0000 - 0x00007ffa48324000 	C:\Windows\System32\combase.dll
0x00007ffa47020000 - 0x00007ffa4704d000 	C:\Windows\SYSTEM32\Wldp.dll
0x00007ffa49820000 - 0x00007ffa498cd000 	C:\Windows\System32\SHCORE.dll
0x00007ffa48cd0000 - 0x00007ffa48d25000 	C:\Windows\System32\shlwapi.dll
0x00007ffa47580000 - 0x00007ffa475a5000 	C:\Windows\SYSTEM32\profapi.dll
0x00007ffa25de0000 - 0x00007ffa25f6e000 	C:\Users\enzov\.p2\pool\plugins\org.eclipse.justj.openjdk.hotspot.jre.full.win32.x86_64_17.0.8.v20230801-1951\jre\bin\awt.dll
0x00007ffa491a0000 - 0x00007ffa4926d000 	C:\Windows\System32\OLEAUT32.dll
0x00007ffa44e30000 - 0x00007ffa44ec0000 	C:\Windows\SYSTEM32\apphelp.dll
0x00007ffa45200000 - 0x00007ffa4522f000 	C:\Windows\system32\DWMAPI.DLL
0x00007ffa45020000 - 0x00007ffa450be000 	C:\Windows\system32\uxtheme.dll
0x00007ffa31130000 - 0x00007ffa31255000 	C:\Windows\system32\opengl32.dll
0x00007ffa31430000 - 0x00007ffa3145c000 	C:\Windows\SYSTEM32\GLU32.dll
0x00007ffa49080000 - 0x00007ffa49194000 	C:\Windows\System32\MSCTF.dll
0x00007ffa49b60000 - 0x00007ffa49c8b000 	C:\Windows\System32\ole32.dll

dbghelp: loaded successfully - version: 4.0.5 - missing functions: none
symbol engine: initialized successfully - sym options: 0x614 - pdb path: .;C:\Users\enzov\.p2\pool\plugins\org.eclipse.justj.openjdk.hotspot.jre.full.win32.x86_64_17.0.8.v20230801-1951\jre\bin;C:\Windows\SYSTEM32;C:\Windows\WinSxS\amd64_microsoft.windows.common-controls_6595b64144ccf1df_6.0.19041.3570_none_60bb2a3971f3e41a;C:\Users\enzov\.p2\pool\plugins\org.eclipse.justj.openjdk.hotspot.jre.full.win32.x86_64_17.0.8.v20230801-1951\jre\bin\server

VM Arguments:
jvm_args: -Dfile.encoding=UTF-8 -XX:+ShowCodeDetailsInExceptionMessages 
java_command: lab3.Main
java_class_path (initial): C:\Users\enzov\eclipse-workspace\laboratorios\bin
Launcher Type: SUN_STANDARD

[Global flags]
     intx CICompilerCount                          = 3                                         {product} {ergonomic}
     uint ConcGCThreads                            = 1                                         {product} {ergonomic}
     uint G1ConcRefinementThreads                  = 4                                         {product} {ergonomic}
   size_t G1HeapRegionSize                         = 2097152                                   {product} {ergonomic}
    uintx GCDrainStackTargetSize                   = 64                                        {product} {ergonomic}
   size_t InitialHeapSize                          = 268435456                                 {product} {ergonomic}
   size_t MarkStackSize                            = 4194304                                   {product} {ergonomic}
   size_t MaxHeapSize                              = 4271898624                                {product} {ergonomic}
   size_t MaxNewSize                               = 2562719744                                {product} {ergonomic}
   size_t MinHeapDeltaBytes                        = 2097152                                   {product} {ergonomic}
   size_t MinHeapSize                              = 8388608                                   {product} {ergonomic}
    uintx NonNMethodCodeHeapSize                   = 5832780                                {pd product} {ergonomic}
    uintx NonProfiledCodeHeapSize                  = 122912730                              {pd product} {ergonomic}
    uintx ProfiledCodeHeapSize                     = 122912730                              {pd product} {ergonomic}
    uintx ReservedCodeCacheSize                    = 251658240                              {pd product} {ergonomic}
     bool SegmentedCodeCache                       = true                                      {product} {ergonomic}
     bool ShowCodeDetailsInExceptionMessages       = true                                   {manageable} {command line}
   size_t SoftMaxHeapSize                          = 4271898624                             {manageable} {ergonomic}
     bool UseCompressedClassPointers               = true                           {product lp64_product} {ergonomic}
     bool UseCompressedOops                        = true                           {product lp64_product} {ergonomic}
     bool UseG1GC                                  = true                                      {product} {ergonomic}
     bool UseLargePagesIndividualAllocation        = false                                  {pd product} {ergonomic}

Logging:
Log output configuration:
 #0: stdout all=warning uptime,level,tags
 #1: stderr all=off uptime,level,tags

Environment Variables:
PATH=C:/Users/enzov/.p2/pool/plugins/org.eclipse.justj.openjdk.hotspot.jre.full.win32.x86_64_17.0.8.v20230801-1951/jre/bin/server;C:/Users/enzov/.p2/pool/plugins/org.eclipse.justj.openjdk.hotspot.jre.full.win32.x86_64_17.0.8.v20230801-1951/jre/bin;C:\Program Files (x86)\Common Files\Oracle\Java\javapath;C:\Program Files (x86)\NVIDIA Corporation\PhysX\Common;C:\ProgramData\Oracle\Java\javapath;C:\Windows\system32;C:\Windows;C:\Windows\System32\Wbem;C:\Windows\System32\WindowsPowerShell\v1.0\;C:\Windows\System32\OpenSSH\;C:\MinGW\bin;C:\Program Files\dotnet\;C:\Program Files\Git\cmd;C:\Users\enzov\AppData\Local\Programs\Python;C:\Users\enzov\AppData\Local\Programs\Python\Python311;C:\Users\enzov\AppData\Local\Programs\Python\Python311\Scripts;C:\Users\enzov\AppData\Local\Microsoft\WindowsApps;C:\Users\enzov\AppData\Local\Programs\Microsoft VS Code\bin;C:\MinGW\bin;C:\Users\enzov\AppData\Local\Programs\Python;C:\Users\enzov\AppData\Local\Programs\Python\Python311\Scripts;C:\Users\enzov\AppData\Local\Programs\Python\Python311;;C:\Users\enzov\Desktop;
USERNAME=enzov
OS=Windows_NT
PROCESSOR_IDENTIFIER=Intel64 Family 6 Model 69 Stepping 1, GenuineIntel
TMP=C:\Users\enzov\AppData\Local\Temp
TEMP=C:\Users\enzov\AppData\Local\Temp



---------------  S Y S T E M  ---------------

OS:
 Windows 10 , 64 bit Build 19041 (10.0.19041.3570)
OS uptime: 0 days 10:39 hours

CPU: total 4 (initial active 4) (2 cores per cpu, 2 threads per core) family 6 model 69 stepping 1 microcode 0x25, cx8, cmov, fxsr, ht, mmx, sse, sse2, sse3, ssse3, sse4.1, sse4.2, popcnt, lzcnt, tsc, tscinvbit, avx, avx2, aes, erms, clmul, bmi1, bmi2, fma, vzeroupper, clflush
Processor Information for all 4 processors :
  Max Mhz: 1801, Current Mhz: 1800, Mhz Limit: 1782

Memory: 4k page, system-wide physical 16288M (6668M free)
TotalPageFile size 46017M (AvailPageFile size 4M)
current process WorkingSet (physical memory assigned to process): 53M, peak: 53M
current process commit charge ("private bytes"): 341M, peak: 341M

vm_info: OpenJDK 64-Bit Server VM (17.0.8+7) for windows-amd64 JRE (17.0.8+7), built on Jul 18 2023 21:02:32 by "admin" with MS VC++ 16.7 (VS2019)

END.
